TN:
SF:lib/index.js
FN:7,(anonymous_0)
FN:13,(anonymous_1)
FN:17,(anonymous_2)
FN:38,(anonymous_3)
FN:44,(anonymous_4)
FN:70,(anonymous_5)
FN:91,(anonymous_6)
FN:94,(anonymous_7)
FN:121,(anonymous_8)
FN:137,(anonymous_9)
FN:154,(anonymous_10)
FN:166,(anonymous_11)
FN:220,(anonymous_12)
FN:282,(anonymous_13)
FN:286,(anonymous_14)
FN:291,(anonymous_15)
FNF:16
FNH:11
FNDA:54,(anonymous_0)
FNDA:0,(anonymous_1)
FNDA:10,(anonymous_2)
FNDA:2,(anonymous_3)
FNDA:2,(anonymous_4)
FNDA:0,(anonymous_5)
FNDA:17,(anonymous_6)
FNDA:39,(anonymous_7)
FNDA:48,(anonymous_8)
FNDA:22,(anonymous_9)
FNDA:16,(anonymous_10)
FNDA:3,(anonymous_11)
FNDA:0,(anonymous_12)
FNDA:4,(anonymous_13)
FNDA:0,(anonymous_14)
FNDA:0,(anonymous_15)
DA:1,3
DA:2,3
DA:3,3
DA:4,3
DA:8,54
DA:9,54
DA:12,54
DA:13,54
DA:18,10
DA:19,10
DA:29,7
DA:30,7
DA:32,3
DA:33,3
DA:39,2
DA:40,2
DA:45,2
DA:47,2
DA:49,2
DA:51,2
DA:52,0
DA:54,0
DA:57,0
DA:63,0
DA:66,0
DA:70,0
DA:71,0
DA:76,2
DA:78,0
DA:80,0
DA:82,0
DA:86,0
DA:92,17
DA:94,17
DA:95,39
DA:97,39
DA:98,97
DA:99,97
DA:100,97
DA:104,97
DA:105,70
DA:111,27
DA:112,22
DA:117,17
DA:120,17
DA:121,8
DA:122,48
DA:127,48
DA:128,2
DA:130,48
DA:134,9
DA:139,22
DA:140,14
DA:144,14
DA:145,10
DA:150,12
DA:155,16
DA:156,16
DA:157,16
DA:158,16
DA:159,10
DA:161,6
DA:167,3
DA:168,3
DA:170,3
DA:171,1
DA:172,1
DA:175,2
DA:177,2
DA:178,2
DA:179,2
DA:182,2
DA:183,2
DA:184,2
DA:186,2
DA:189,12
DA:193,12
DA:194,5
DA:195,7
DA:196,0
DA:198,7
DA:203,2
DA:204,2
DA:207,2
DA:208,2
DA:209,2
DA:213,2
DA:214,2
DA:215,2
DA:218,2
DA:219,0
DA:220,0
DA:221,0
DA:223,0
DA:224,0
DA:226,0
DA:230,2
DA:231,0
DA:232,0
DA:235,2
DA:237,2
DA:238,2
DA:240,2
DA:241,12
DA:242,12
DA:247,12
DA:248,12
DA:251,12
DA:253,12
DA:257,12
DA:259,12
DA:260,8
DA:261,8
DA:263,4
DA:264,4
DA:269,2
DA:270,2
DA:271,2
DA:272,1
DA:274,2
DA:277,2
DA:278,1
DA:279,1
DA:280,1
DA:282,4
DA:283,1
DA:284,1
DA:286,0
DA:292,0
DA:294,0
DA:295,0
DA:296,0
DA:299,0
DA:300,0
DA:302,0
DA:304,0
DA:309,3
LF:137
LH:108
BRDA:21,0,0,10
BRDA:21,0,1,4
BRDA:24,1,0,10
BRDA:24,1,1,8
BRDA:25,2,0,2
BRDA:25,2,1,8
BRDA:44,3,0,2
BRDA:54,4,0,0
BRDA:54,4,1,0
BRDA:63,5,0,0
BRDA:63,5,1,0
BRDA:63,6,0,0
BRDA:63,6,1,0
BRDA:78,7,0,0
BRDA:78,7,1,0
BRDA:104,8,0,70
BRDA:104,8,1,27
BRDA:111,9,0,22
BRDA:111,9,1,5
BRDA:111,10,0,27
BRDA:111,10,1,27
BRDA:120,11,0,8
BRDA:120,11,1,9
BRDA:120,12,0,17
BRDA:120,12,1,16
BRDA:127,13,0,2
BRDA:127,13,1,46
BRDA:127,14,0,48
BRDA:127,14,1,26
BRDA:139,15,0,14
BRDA:139,15,1,8
BRDA:139,16,0,22
BRDA:139,16,1,22
BRDA:144,17,0,10
BRDA:144,17,1,4
BRDA:170,18,0,1
BRDA:170,18,1,2
BRDA:189,19,0,12
BRDA:189,19,1,0
BRDA:189,20,0,12
BRDA:189,20,1,12
BRDA:193,21,0,5
BRDA:193,21,1,7
BRDA:195,22,0,0
BRDA:195,22,1,7
BRDA:208,23,0,2
BRDA:208,23,1,0
BRDA:218,24,0,0
BRDA:218,24,1,2
BRDA:218,25,0,2
BRDA:218,25,1,0
BRDA:223,26,0,0
BRDA:223,26,1,0
BRDA:230,27,0,0
BRDA:230,27,1,2
BRDA:251,28,0,5
BRDA:251,28,1,7
BRDA:259,29,0,8
BRDA:259,29,1,4
BRDA:271,30,0,1
BRDA:271,30,1,1
BRDA:277,31,0,1
BRDA:277,31,1,1
BRDA:295,32,0,0
BRDA:295,32,1,0
BRF:65
BRH:47
end_of_record
